0 info it worked if it ends with ok
1 verbose cli [ '/Users/hackreactor/.nvm/v0.10.13/bin/node',
1 verbose cli   '/Users/hackreactor/.nvm/v0.10.13/bin/npm',
1 verbose cli   'install',
1 verbose cli   '--save',
1 verbose cli   'express' ]
2 info using npm@1.3.2
3 info using node@v0.10.13
4 error Error: Invalid name: "uselessAPI"
4 error     at ensureValidName (/Users/hackreactor/.nvm/v0.10.13/lib/node_modules/npm/node_modules/read-package-json/node_modules/normalize-package-data/lib/fixer.js:281:15)
4 error     at Object.module.exports.fixNameField (/Users/hackreactor/.nvm/v0.10.13/lib/node_modules/npm/node_modules/read-package-json/node_modules/normalize-package-data/lib/fixer.js:196:5)
4 error     at /Users/hackreactor/.nvm/v0.10.13/lib/node_modules/npm/node_modules/read-package-json/node_modules/normalize-package-data/lib/normalize.js:29:38
4 error     at Array.forEach (native)
4 error     at normalize (/Users/hackreactor/.nvm/v0.10.13/lib/node_modules/npm/node_modules/read-package-json/node_modules/normalize-package-data/lib/normalize.js:28:15)
4 error     at final (/Users/hackreactor/.nvm/v0.10.13/lib/node_modules/npm/node_modules/read-package-json/read-json.js:310:33)
4 error     at then (/Users/hackreactor/.nvm/v0.10.13/lib/node_modules/npm/node_modules/read-package-json/read-json.js:124:33)
4 error     at /Users/hackreactor/.nvm/v0.10.13/lib/node_modules/npm/node_modules/read-package-json/read-json.js:299:40
4 error     at fs.js:266:14
4 error     at Object.oncomplete (fs.js:107:15)
5 error If you need help, you may report this log at:
5 error     <http://github.com/isaacs/npm/issues>
5 error or email it to:
5 error     <npm-@googlegroups.com>
6 error System Darwin 12.3.0
7 error command "/Users/hackreactor/.nvm/v0.10.13/bin/node" "/Users/hackreactor/.nvm/v0.10.13/bin/npm" "install" "--save" "express"
8 error cwd /Users/hackreactor/code/will/uselessAPI
9 error node -v v0.10.13
10 error npm -v 1.3.2
11 verbose exit [ 1, true ]
